<?xml version="1.0" encoding="UTF-8"?>
<!-- Generated by org.testng.reporters.JUnitReportReporter -->
<testsuite skipped="0" hostname="Deejays-MacBook-Pro.local" name="com.qa.mobile_automation.AppTest" tests="1" failures="0" timestamp="14 May 2021 15:27:40 GMT" time="0.014" errors="0">
  <testcase name="shouldAnswerWithTrue" time="0.014" classname="com.qa.mobile_automation.AppTest"/>
</testsuite> <!-- com.qa.mobile_automation.AppTest -->
